Arguments: 
  /usr/local/bin/node /usr/local/Cellar/yarn/1.22.4/libexec/bin/yarn.js add @babel/typescript

PATH: 
  /usr/local/opt/icu4c/sbin:/usr/local/opt/icu4c/bin:/usr/local/opt/openresty-openssl/bin:/usr/local/opt/sqlite/bin:/usr/local/bin:/usr/bin:/bin:/usr/sbin:/sbin

Yarn version: 
  1.22.4

Node version: 
  8.9.4

Platform: 
  darwin x64

Trace: 
  Error: https://registry.npm.taobao.org/@babel%2ftypescript: Not found
      at Request.params.callback [as _callback] (/usr/local/Cellar/yarn/1.22.4/libexec/lib/cli.js:66987:18)
      at Request.self.callback (/usr/local/Cellar/yarn/1.22.4/libexec/lib/cli.js:140748:22)
      at emitTwo (events.js:126:13)
      at Request.emit (events.js:214:7)
      at Request.<anonymous> (/usr/local/Cellar/yarn/1.22.4/libexec/lib/cli.js:141720:10)
      at emitOne (events.js:116:13)
      at Request.emit (events.js:211:7)
      at IncomingMessage.<anonymous> (/usr/local/Cellar/yarn/1.22.4/libexec/lib/cli.js:141642:12)
      at Object.onceWrapper (events.js:313:30)
      at emitNone (events.js:111:20)

npm manifest: 
  {
    "name": "module2",
    "version": "1.0.0",
    "description": "- let const 对比 var - 暂时性死区不允许变量提升，增加了块级作用域 - const 需要保证执行的内存区域不发生变化",
    "main": "index.js",
    "scripts": {
      "test": "echo \"Error: no test specified\" && exit 1",
      "flow": "yarn flow",
      "compile": "yarn flow-remove-types . -d dist"
    },
    "keywords": [],
    "author": "",
    "license": "ISC",
    "dependencies": {
      "flow-bin": "^0.132.0",
      "flow-remove-types": "^2.132.0"
    },
    "devDependencies": {
      "typescript": "^4.0.2"
    }
  }

yarn manifest: 
  No manifest

Lockfile: 
  # THIS IS AN AUTOGENERATED FILE. DO NOT EDIT THIS FILE DIRECTLY.
  # yarn lockfile v1
  
  
  flow-bin@^0.132.0:
    version "0.132.0"
    resolved "https://registry.npm.taobao.org/flow-bin/download/flow-bin-0.132.0.tgz#8bf80a79630db24bd1422dc2cc4b5e97f97ccb98"
    integrity sha1-i/gKeWMNskvRQi3CzEtel/l8y5g=
  
  flow-parser@^0.132.0:
    version "0.132.0"
    resolved "https://registry.npm.taobao.org/flow-parser/download/flow-parser-0.132.0.tgz#68c9aea4cfd84577337559a6f121ef3ab687a251"
    integrity sha1-aMmupM/YRXczdVmm8SHvOraHolE=
  
  flow-remove-types@^2.132.0:
    version "2.132.0"
    resolved "https://registry.npm.taobao.org/flow-remove-types/download/flow-remove-types-2.132.0.tgz#7adc416336f96eb00a8603df4aef919e8b648e28"
    integrity sha1-etxBYzb5brAKhgPfSu+Rnotkjig=
    dependencies:
      flow-parser "^0.132.0"
      pirates "^3.0.2"
      vlq "^0.2.1"
  
  node-modules-regexp@^1.0.0:
    version "1.0.0"
    resolved "https://registry.npm.taobao.org/node-modules-regexp/download/node-modules-regexp-1.0.0.tgz#8d9dbe28964a4ac5712e9131642107c71e90ec40"
    integrity sha1-jZ2+KJZKSsVxLpExZCEHxx6Q7EA=
  
  pirates@^3.0.2:
    version "3.0.2"
    resolved "https://registry.npm.taobao.org/pirates/download/pirates-3.0.2.tgz#7e6f85413fd9161ab4e12b539b06010d85954bb9"
    integrity sha1-fm+FQT/ZFhq04StTmwYBDYWVS7k=
    dependencies:
      node-modules-regexp "^1.0.0"
  
  vlq@^0.2.1:
    version "0.2.3"
    resolved "https://registry.npm.taobao.org/vlq/download/vlq-0.2.3.tgz#8f3e4328cf63b1540c0d67e1b2778386f8975b26"
    integrity sha1-jz5DKM9jsVQMDWfhsneDhviXWyY=
